生成启动时间为 2016/11/7 15:18:05。
     1>项目“E:\proj\ARKN141\sw\ISP_PROJ\ISP_USE_RAW\fpga\ucFS\VC6\uCFS\uCFS.vcxproj”在节点 2 上(build 个目标)。
     1>InitializeBuildStatus:
         正在创建“.\Debug\uCFS.unsuccessfulbuild”，因为已指定“AlwaysCreate”。
       ClCompile:
         所有输出均为最新。
         所有输出均为最新。
         所有输出均为最新。
         所有输出均为最新。
         所有输出均为最新。
         所有输出均为最新。
         所有输出均为最新。
         d:\Program Files (x86)\Microsoft Visual Studio 10.0\VC\bin\CL.exe /c /I..\..\inc /I..\inc /I..\include /ZI /nologo /W4 /WX- /Od /Oy- /D WIN32 /D _DEBUG /D _WINDOWS /D PCVER /D _WIN32_WINNT=0x0500 /D _VC80_UPGRADE=0x0600 /D _MBCS /D _AFXDLL /Gm /EHsc /RTC1 /MDd /GS /Gy- /fp:precise /Zc:wchar_t- /Zc:forScope /Fo".\Debug\\" /Fd".\Debug\vc100.pdb" /FR".\Debug\\" /Gd /TC /analyze- /errorReport:prompt ..\..\Config\ConfigDrive.c
         ConfigDrive.c
         所有输出均为最新。
         所有输出均为最新。
         所有输出均为最新。
         所有输出均为最新。
         所有输出均为最新。
         所有输出均为最新。
         所有输出均为最新。
       ResourceCompile:
         所有输出均为最新。
       ManifestResourceCompile:
         所有输出均为最新。
       Link:
         d:\Program Files (x86)\Microsoft Visual Studio 10.0\VC\bin\link.exe /ERRORREPORT:PROMPT /OUT:".\Debug\uCFS.exe" /INCREMENTAL /NOLOGO /MANIFEST /ManifestFile:".\Debug\uCFS.exe.intermediate.manifest" /MANIFESTUAC:"level='asInvoker' uiAccess='false'" /DEBUG /PDB:"E:\proj\ARKN141\sw\ISP_PROJ\ISP_USE_RAW\fpga\ucFS\VC6\uCFS\Debug\uCFS.pdb" /SUBSYSTEM:WINDOWS /TLBID:1 /DYNAMICBASE /NXCOMPAT /IMPLIB:".\Debug\uCFS.lib" /MACHINE:X86 .\Debug\uCFS.res
         .\Debug\uCFS.exe.embed.manifest.res
         .\Debug\FAT_FreeCluster.obj
         .\Debug\win32_fs_os.obj
         .\Debug\win32_heap_simulate.obj
         .\Debug\win32_kernel_simulate.obj
         .\Debug\win32_rtos.obj
         .\Debug\MainFrm.obj
         .\Debug\StdAfx.obj
         .\Debug\uCFS.obj
         .\Debug\uCFSDoc.obj
         .\Debug\uCFSView.obj
         .\Debug\ConfigDrive.obj
         .\Debug\FS_X_Panic.obj
         .\Debug\FS__ECC256.obj
         .\Debug\FS_AddSpaceHex.obj
         .\Debug\FS_AssignCache.obj
         .\Debug\FS_Attrib.obj
         .\Debug\FS_CacheAll.obj
         .\Debug\FS_CacheMan.obj
         .\Debug\FS_CacheRW.obj
         .\Debug\FS_CacheRWQuota.obj
         .\Debug\FS_CLib.obj
         .\Debug\FS_CopyFile.obj
         .\Debug\FS_Core.obj
         .\Debug\FS_CreateDir.obj
         .\Debug\FS_Dir.obj
         .\Debug\FS_ErrorNo2Text.obj
         .\Debug\FS_ErrorOut.obj
         .\Debug\FS_Format.obj
         .\Debug\FS_FRead.obj
         .\Debug\FS_FWrite.obj
         .\Debug\FS_GetFilePos.obj
         .\Debug\FS_GetFileSize.obj
         .\Debug\FS_GetNumOpenFiles.obj
         .\Debug\FS_Journal.obj
         .\Debug\FS_Log.obj
         .\Debug\FS_LogBlock.obj
         .\Debug\FS_LogVolume.obj
         .\Debug\FS_memcpy.obj
         .\Debug\FS_Misc.obj
         .\Debug\FS_Move.obj
         .\Debug\FS_OS_Interface.obj
         .\Debug\FS_Partition.obj
         .\Debug\FS_Read.obj
         .\Debug\FS_Rename.obj
         .\Debug\FS_SetEndOfFile.obj
         .\Debug\FS_SetFilePos.obj
         .\Debug\FS_Storage.obj
         .\Debug\FS_Time.obj
         .\Debug\FS_Truncate.obj
         .\Debug\FS_Unmount.obj
         .\Debug\FS_Verify.obj
         .\Debug\FS_Volume.obj
         .\Debug\FS_Warn.obj
         .\Debug\FS_Write.obj
         .\Debug\ucFS_Version.obj
         .\Debug\SD_MMC_Drive_PC.obj
         .\Debug\SD_MMC_PC.obj
         .\Debug\FAT_API.obj
         .\Debug\FAT_CheckDisk.obj
         .\Debug\FAT_Dir.obj
         .\Debug\FAT_DirEntry.obj
         .\Debug\FAT_DiskInfo.obj
         .\Debug\FAT_Format.obj
         .\Debug\FAT_FormatSD.obj
         .\Debug\FAT_GetFileClusterSectorInfo.obj
         .\Debug\FAT_Ioct.obj
         .\Debug\FAT_LFN.obj
         .\Debug\FAT_Misc.obj
         .\Debug\FAT_Move.obj
         .\Debug\FAT_Open.obj
         .\Debug\FAT_Read.obj
         .\Debug\FAT_Rename.obj
         .\Debug\FAT_SetEndOfFile.obj
         .\Debug\FAT_VolumeLabel.obj
         .\Debug\FAT_Write.obj
         .\Debug\Gbcode.obj
         .\Debug\fs_sd_test.obj
         .\Debug\video_item_test.obj
         .\Debug\message_task.obj
         .\Debug\queue.obj
         .\Debug\target.obj
         .\Debug\xm_h264_cache_command_queue.obj
         .\Debug\xm_h264_cache_file.obj
         .\Debug\xm_h264_file.obj
         .\Debug\xm_semaphore.obj
         .\Debug\common_chardef.obj
         .\Debug\common_chartype.obj
         .\Debug\common_rbtr.obj
         .\Debug\common_string.obj
         .\Debug\common_wstring.obj
         .\Debug\xmvideoitem.obj
         .\Debug\xm_file.obj
         .\Debug\xm_kbd_drv.obj
         .\Debug\os_main.obj
       Manifest:
         C:\Program Files (x86)\Microsoft SDKs\Windows\v7.0A\bin\mt.exe /nologo /verbose /out:".\Debug\uCFS.exe.embed.manifest" /manifest .\Debug\uCFS.exe.intermediate.manifest "d:\Program Files (x86)\Microsoft Visual Studio 10.0\VC\Include\Manifest\dpiaware.manifest"
         所有输出均为最新。
       LinkEmbedManifest:
         所有输出均为最新。
         uCFS.vcxproj -> E:\proj\ARKN141\sw\ISP_PROJ\ISP_USE_RAW\fpga\ucFS\VC6\uCFS\.\Debug\uCFS.exe
       BscMake:
         d:\Program Files (x86)\Microsoft Visual Studio 10.0\VC\bin\bscmake.exe /nologo /o".\Debug\uCFS.bsc" .\Debug\FAT_FreeCluster.sbr .\Debug\win32_fs_os.sbr .\Debug\win32_heap_simulate.sbr .\Debug\win32_kernel_simulate.sbr .\Debug\win32_rtos.sbr .\Debug\MainFrm.sbr .\Debug\StdAfx.sbr .\Debug\uCFS.sbr .\Debug\uCFSDoc.sbr .\Debug\uCFSView.sbr .\Debug\ConfigDrive.sbr .\Debug\FS_X_Panic.sbr .\Debug\FS__ECC256.sbr .\Debug\FS_AddSpaceHex.sbr .\Debug\FS_AssignCache.sbr .\Debug\FS_Attrib.sbr .\Debug\FS_CacheAll.sbr .\Debug\FS_CacheMan.sbr .\Debug\FS_CacheRW.sbr .\Debug\FS_CacheRWQuota.sbr .\Debug\FS_CLib.sbr .\Debug\FS_CopyFile.sbr .\Debug\FS_Core.sbr .\Debug\FS_CreateDir.sbr .\Debug\FS_Dir.sbr .\Debug\FS_ErrorNo2Text.sbr .\Debug\FS_ErrorOut.sbr .\Debug\FS_Format.sbr .\Debug\FS_FRead.sbr .\Debug\FS_FWrite.sbr .\Debug\FS_GetFilePos.sbr .\Debug\FS_GetFileSize.sbr .\Debug\FS_GetNumOpenFiles.sbr .\Debug\FS_Journal.sbr .\Debug\FS_Log.sbr .\Debug\FS_LogBlock.sbr .\Debug\FS_LogVolume.sbr .\Debug\FS_memcpy.sbr .\Debug\FS_Misc.sbr .\Debug\FS_Move.sbr .\Debug\FS_OS_Interface.sbr .\Debug\FS_Partition.sbr .\Debug\FS_Read.sbr .\Debug\FS_Rename.sbr .\Debug\FS_SetEndOfFile.sbr .\Debug\FS_SetFilePos.sbr .\Debug\FS_Storage.sbr .\Debug\FS_Time.sbr .\Debug\FS_Truncate.sbr .\Debug\FS_Unmount.sbr .\Debug\FS_Verify.sbr .\Debug\FS_Volume.sbr .\Debug\FS_Warn.sbr .\Debug\FS_Write.sbr .\Debug\ucFS_Version.sbr .\Debug\SD_MMC_Drive_PC.sbr .\Debug\SD_MMC_PC.sbr .\Debug\FAT_API.sbr .\Debug\FAT_CheckDisk.sbr .\Debug\FAT_Dir.sbr .\Debug\FAT_DirEntry.sbr .\Debug\FAT_DiskInfo.sbr .\Debug\FAT_Format.sbr .\Debug\FAT_FormatSD.sbr .\Debug\FAT_GetFileClusterSectorInfo.sbr .\Debug\FAT_Ioct.sbr .\Debug\FAT_LFN.sbr .\Debug\FAT_Misc.sbr .\Debug\FAT_Move.sbr .\Debug\FAT_Open.sbr .\Debug\FAT_Read.sbr .\Debug\FAT_Rename.sbr .\Debug\FAT_SetEndOfFile.sbr .\Debug\FAT_VolumeLabel.sbr .\Debug\FAT_Write.sbr .\Debug\Gbcode.sbr .\Debug\fs_sd_test.sbr .\Debug\video_item_test.sbr .\Debug\message_task.sbr .\Debug\queue.sbr .\Debug\target.sbr .\Debug\xm_h264_cache_command_queue.sbr .\Debug\xm_h264_cache_file.sbr .\Debug\xm_h264_file.sbr .\Debug\xm_semaphore.sbr .\Debug\common_chardef.sbr .\Debug\common_chartype.sbr .\Debug\common_rbtr.sbr .\Debug\common_string.sbr .\Debug\common_wstring.sbr .\Debug\xmvideoitem.sbr .\Debug\xm_file.sbr .\Debug\xm_kbd_drv.sbr .\Debug\os_main.sbr
       FinalizeBuildStatus:
         正在删除文件“.\Debug\uCFS.unsuccessfulbuild”。
         正在对“.\Debug\uCFS.lastbuildstate”执行 Touch 任务。
     1>已完成生成项目“E:\proj\ARKN141\sw\ISP_PROJ\ISP_USE_RAW\fpga\ucFS\VC6\uCFS\uCFS.vcxproj”(build 个目标)的操作。

生成成功。

已用时间 00:00:01.21
