.\Debug\uCFS.bsc
.\Debug\uCFS.ilk
.\Debug\uCFS.pdb
E:\proj\ARKN141\sw\ISP_PROJ\ISP_USE_RAW\fpga\ucFS\VC6\uCFS\.\Debug\uCFS.exe
E:\proj\ARKN141\sw\ISP_PROJ\ISP_USE_RAW\fpga\ucFS\VC6\uCFS\.\Debug\uCFS.exe.intermediate.manifest
E:\proj\ARKN141\sw\ISP_PROJ\ISP_USE_RAW\fpga\ucFS\VC6\uCFS\Debug\BscMake.command.1.tlog
E:\proj\ARKN141\sw\ISP_PROJ\ISP_USE_RAW\fpga\ucFS\VC6\uCFS\Debug\bscmake.read.1.tlog
E:\proj\ARKN141\sw\ISP_PROJ\ISP_USE_RAW\fpga\ucFS\VC6\uCFS\Debug\bscmake.write.1.tlog
E:\proj\ARKN141\sw\ISP_PROJ\ISP_USE_RAW\fpga\ucFS\VC6\uCFS\Debug\cl.command.1.tlog
E:\proj\ARKN141\sw\ISP_PROJ\ISP_USE_RAW\fpga\ucFS\VC6\uCFS\Debug\CL.read.1.tlog
E:\proj\ARKN141\sw\ISP_PROJ\ISP_USE_RAW\fpga\ucFS\VC6\uCFS\Debug\CL.write.1.tlog
E:\PROJ\ARKN141\SW\ISP_PROJ\ISP_USE_RAW\FPGA\UCFS\VC6\UCFS\DEBUG\COMMON_CHARDEF.OBJ
E:\PROJ\ARKN141\SW\ISP_PROJ\ISP_USE_RAW\FPGA\UCFS\VC6\UCFS\DEBUG\COMMON_CHARDEF.SBR
E:\PROJ\ARKN141\SW\ISP_PROJ\ISP_USE_RAW\FPGA\UCFS\VC6\UCFS\DEBUG\COMMON_CHARTYPE.OBJ
E:\PROJ\ARKN141\SW\ISP_PROJ\ISP_USE_RAW\FPGA\UCFS\VC6\UCFS\DEBUG\COMMON_CHARTYPE.SBR
E:\PROJ\ARKN141\SW\ISP_PROJ\ISP_USE_RAW\FPGA\UCFS\VC6\UCFS\DEBUG\COMMON_RBTR.OBJ
E:\PROJ\ARKN141\SW\ISP_PROJ\ISP_USE_RAW\FPGA\UCFS\VC6\UCFS\DEBUG\COMMON_RBTR.SBR
E:\PROJ\ARKN141\SW\ISP_PROJ\ISP_USE_RAW\FPGA\UCFS\VC6\UCFS\DEBUG\COMMON_STRING.OBJ
E:\PROJ\ARKN141\SW\ISP_PROJ\ISP_USE_RAW\FPGA\UCFS\VC6\UCFS\DEBUG\COMMON_STRING.SBR
E:\PROJ\ARKN141\SW\ISP_PROJ\ISP_USE_RAW\FPGA\UCFS\VC6\UCFS\DEBUG\COMMON_WSTRING.OBJ
E:\PROJ\ARKN141\SW\ISP_PROJ\ISP_USE_RAW\FPGA\UCFS\VC6\UCFS\DEBUG\COMMON_WSTRING.SBR
E:\PROJ\ARKN141\SW\ISP_PROJ\ISP_USE_RAW\FPGA\UCFS\VC6\UCFS\DEBUG\CONFIGDRIVE.OBJ
E:\PROJ\ARKN141\SW\ISP_PROJ\ISP_USE_RAW\FPGA\UCFS\VC6\UCFS\DEBUG\CONFIGDRIVE.SBR
E:\PROJ\ARKN141\SW\ISP_PROJ\ISP_USE_RAW\FPGA\UCFS\VC6\UCFS\DEBUG\FAT_API.OBJ
E:\PROJ\ARKN141\SW\ISP_PROJ\ISP_USE_RAW\FPGA\UCFS\VC6\UCFS\DEBUG\FAT_API.SBR
E:\PROJ\ARKN141\SW\ISP_PROJ\ISP_USE_RAW\FPGA\UCFS\VC6\UCFS\DEBUG\FAT_CHECKDISK.OBJ
E:\PROJ\ARKN141\SW\ISP_PROJ\ISP_USE_RAW\FPGA\UCFS\VC6\UCFS\DEBUG\FAT_CHECKDISK.SBR
E:\PROJ\ARKN141\SW\ISP_PROJ\ISP_USE_RAW\FPGA\UCFS\VC6\UCFS\DEBUG\FAT_DIR.OBJ
E:\PROJ\ARKN141\SW\ISP_PROJ\ISP_USE_RAW\FPGA\UCFS\VC6\UCFS\DEBUG\FAT_DIR.SBR
E:\PROJ\ARKN141\SW\ISP_PROJ\ISP_USE_RAW\FPGA\UCFS\VC6\UCFS\DEBUG\FAT_DIRENTRY.OBJ
E:\PROJ\ARKN141\SW\ISP_PROJ\ISP_USE_RAW\FPGA\UCFS\VC6\UCFS\DEBUG\FAT_DIRENTRY.SBR
E:\PROJ\ARKN141\SW\ISP_PROJ\ISP_USE_RAW\FPGA\UCFS\VC6\UCFS\DEBUG\FAT_DISKINFO.OBJ
E:\PROJ\ARKN141\SW\ISP_PROJ\ISP_USE_RAW\FPGA\UCFS\VC6\UCFS\DEBUG\FAT_DISKINFO.SBR
E:\PROJ\ARKN141\SW\ISP_PROJ\ISP_USE_RAW\FPGA\UCFS\VC6\UCFS\DEBUG\FAT_FORMAT.OBJ
E:\PROJ\ARKN141\SW\ISP_PROJ\ISP_USE_RAW\FPGA\UCFS\VC6\UCFS\DEBUG\FAT_FORMAT.SBR
E:\PROJ\ARKN141\SW\ISP_PROJ\ISP_USE_RAW\FPGA\UCFS\VC6\UCFS\DEBUG\FAT_FORMATSD.OBJ
E:\PROJ\ARKN141\SW\ISP_PROJ\ISP_USE_RAW\FPGA\UCFS\VC6\UCFS\DEBUG\FAT_FORMATSD.SBR
E:\PROJ\ARKN141\SW\ISP_PROJ\ISP_USE_RAW\FPGA\UCFS\VC6\UCFS\DEBUG\FAT_FREECLUSTER.OBJ
E:\PROJ\ARKN141\SW\ISP_PROJ\ISP_USE_RAW\FPGA\UCFS\VC6\UCFS\DEBUG\FAT_FREECLUSTER.SBR
E:\PROJ\ARKN141\SW\ISP_PROJ\ISP_USE_RAW\FPGA\UCFS\VC6\UCFS\DEBUG\FAT_GETFILECLUSTERSECTORINFO.OBJ
E:\PROJ\ARKN141\SW\ISP_PROJ\ISP_USE_RAW\FPGA\UCFS\VC6\UCFS\DEBUG\FAT_GETFILECLUSTERSECTORINFO.SBR
E:\PROJ\ARKN141\SW\ISP_PROJ\ISP_USE_RAW\FPGA\UCFS\VC6\UCFS\DEBUG\FAT_IOCT.OBJ
E:\PROJ\ARKN141\SW\ISP_PROJ\ISP_USE_RAW\FPGA\UCFS\VC6\UCFS\DEBUG\FAT_IOCT.SBR
E:\PROJ\ARKN141\SW\ISP_PROJ\ISP_USE_RAW\FPGA\UCFS\VC6\UCFS\DEBUG\FAT_LFN.OBJ
E:\PROJ\ARKN141\SW\ISP_PROJ\ISP_USE_RAW\FPGA\UCFS\VC6\UCFS\DEBUG\FAT_LFN.SBR
E:\PROJ\ARKN141\SW\ISP_PROJ\ISP_USE_RAW\FPGA\UCFS\VC6\UCFS\DEBUG\FAT_MISC.OBJ
E:\PROJ\ARKN141\SW\ISP_PROJ\ISP_USE_RAW\FPGA\UCFS\VC6\UCFS\DEBUG\FAT_MISC.SBR
E:\PROJ\ARKN141\SW\ISP_PROJ\ISP_USE_RAW\FPGA\UCFS\VC6\UCFS\DEBUG\FAT_MOVE.OBJ
E:\PROJ\ARKN141\SW\ISP_PROJ\ISP_USE_RAW\FPGA\UCFS\VC6\UCFS\DEBUG\FAT_MOVE.SBR
E:\PROJ\ARKN141\SW\ISP_PROJ\ISP_USE_RAW\FPGA\UCFS\VC6\UCFS\DEBUG\FAT_OPEN.OBJ
E:\PROJ\ARKN141\SW\ISP_PROJ\ISP_USE_RAW\FPGA\UCFS\VC6\UCFS\DEBUG\FAT_OPEN.SBR
E:\PROJ\ARKN141\SW\ISP_PROJ\ISP_USE_RAW\FPGA\UCFS\VC6\UCFS\DEBUG\FAT_READ.OBJ
E:\PROJ\ARKN141\SW\ISP_PROJ\ISP_USE_RAW\FPGA\UCFS\VC6\UCFS\DEBUG\FAT_READ.SBR
E:\PROJ\ARKN141\SW\ISP_PROJ\ISP_USE_RAW\FPGA\UCFS\VC6\UCFS\DEBUG\FAT_RENAME.OBJ
E:\PROJ\ARKN141\SW\ISP_PROJ\ISP_USE_RAW\FPGA\UCFS\VC6\UCFS\DEBUG\FAT_RENAME.SBR
E:\PROJ\ARKN141\SW\ISP_PROJ\ISP_USE_RAW\FPGA\UCFS\VC6\UCFS\DEBUG\FAT_SETENDOFFILE.OBJ
E:\PROJ\ARKN141\SW\ISP_PROJ\ISP_USE_RAW\FPGA\UCFS\VC6\UCFS\DEBUG\FAT_SETENDOFFILE.SBR
E:\PROJ\ARKN141\SW\ISP_PROJ\ISP_USE_RAW\FPGA\UCFS\VC6\UCFS\DEBUG\FAT_VOLUMELABEL.OBJ
E:\PROJ\ARKN141\SW\ISP_PROJ\ISP_USE_RAW\FPGA\UCFS\VC6\UCFS\DEBUG\FAT_VOLUMELABEL.SBR
E:\PROJ\ARKN141\SW\ISP_PROJ\ISP_USE_RAW\FPGA\UCFS\VC6\UCFS\DEBUG\FAT_WRITE.OBJ
E:\PROJ\ARKN141\SW\ISP_PROJ\ISP_USE_RAW\FPGA\UCFS\VC6\UCFS\DEBUG\FAT_WRITE.SBR
E:\PROJ\ARKN141\SW\ISP_PROJ\ISP_USE_RAW\FPGA\UCFS\VC6\UCFS\DEBUG\FS__ECC256.OBJ
E:\PROJ\ARKN141\SW\ISP_PROJ\ISP_USE_RAW\FPGA\UCFS\VC6\UCFS\DEBUG\FS__ECC256.SBR
E:\PROJ\ARKN141\SW\ISP_PROJ\ISP_USE_RAW\FPGA\UCFS\VC6\UCFS\DEBUG\FS_ADDSPACEHEX.OBJ
E:\PROJ\ARKN141\SW\ISP_PROJ\ISP_USE_RAW\FPGA\UCFS\VC6\UCFS\DEBUG\FS_ADDSPACEHEX.SBR
E:\PROJ\ARKN141\SW\ISP_PROJ\ISP_USE_RAW\FPGA\UCFS\VC6\UCFS\DEBUG\FS_ASSIGNCACHE.OBJ
E:\PROJ\ARKN141\SW\ISP_PROJ\ISP_USE_RAW\FPGA\UCFS\VC6\UCFS\DEBUG\FS_ASSIGNCACHE.SBR
E:\PROJ\ARKN141\SW\ISP_PROJ\ISP_USE_RAW\FPGA\UCFS\VC6\UCFS\DEBUG\FS_ATTRIB.OBJ
E:\PROJ\ARKN141\SW\ISP_PROJ\ISP_USE_RAW\FPGA\UCFS\VC6\UCFS\DEBUG\FS_ATTRIB.SBR
E:\PROJ\ARKN141\SW\ISP_PROJ\ISP_USE_RAW\FPGA\UCFS\VC6\UCFS\DEBUG\FS_CACHEALL.OBJ
E:\PROJ\ARKN141\SW\ISP_PROJ\ISP_USE_RAW\FPGA\UCFS\VC6\UCFS\DEBUG\FS_CACHEALL.SBR
E:\PROJ\ARKN141\SW\ISP_PROJ\ISP_USE_RAW\FPGA\UCFS\VC6\UCFS\DEBUG\FS_CACHEMAN.OBJ
E:\PROJ\ARKN141\SW\ISP_PROJ\ISP_USE_RAW\FPGA\UCFS\VC6\UCFS\DEBUG\FS_CACHEMAN.SBR
E:\PROJ\ARKN141\SW\ISP_PROJ\ISP_USE_RAW\FPGA\UCFS\VC6\UCFS\DEBUG\FS_CACHERW.OBJ
E:\PROJ\ARKN141\SW\ISP_PROJ\ISP_USE_RAW\FPGA\UCFS\VC6\UCFS\DEBUG\FS_CACHERW.SBR
E:\PROJ\ARKN141\SW\ISP_PROJ\ISP_USE_RAW\FPGA\UCFS\VC6\UCFS\DEBUG\FS_CACHERWQUOTA.OBJ
E:\PROJ\ARKN141\SW\ISP_PROJ\ISP_USE_RAW\FPGA\UCFS\VC6\UCFS\DEBUG\FS_CACHERWQUOTA.SBR
E:\PROJ\ARKN141\SW\ISP_PROJ\ISP_USE_RAW\FPGA\UCFS\VC6\UCFS\DEBUG\FS_CLIB.OBJ
E:\PROJ\ARKN141\SW\ISP_PROJ\ISP_USE_RAW\FPGA\UCFS\VC6\UCFS\DEBUG\FS_CLIB.SBR
E:\PROJ\ARKN141\SW\ISP_PROJ\ISP_USE_RAW\FPGA\UCFS\VC6\UCFS\DEBUG\FS_COPYFILE.OBJ
E:\PROJ\ARKN141\SW\ISP_PROJ\ISP_USE_RAW\FPGA\UCFS\VC6\UCFS\DEBUG\FS_COPYFILE.SBR
E:\PROJ\ARKN141\SW\ISP_PROJ\ISP_USE_RAW\FPGA\UCFS\VC6\UCFS\DEBUG\FS_CORE.OBJ
E:\PROJ\ARKN141\SW\ISP_PROJ\ISP_USE_RAW\FPGA\UCFS\VC6\UCFS\DEBUG\FS_CORE.SBR
E:\PROJ\ARKN141\SW\ISP_PROJ\ISP_USE_RAW\FPGA\UCFS\VC6\UCFS\DEBUG\FS_CREATEDIR.OBJ
E:\PROJ\ARKN141\SW\ISP_PROJ\ISP_USE_RAW\FPGA\UCFS\VC6\UCFS\DEBUG\FS_CREATEDIR.SBR
E:\PROJ\ARKN141\SW\ISP_PROJ\ISP_USE_RAW\FPGA\UCFS\VC6\UCFS\DEBUG\FS_DIR.OBJ
E:\PROJ\ARKN141\SW\ISP_PROJ\ISP_USE_RAW\FPGA\UCFS\VC6\UCFS\DEBUG\FS_DIR.SBR
E:\PROJ\ARKN141\SW\ISP_PROJ\ISP_USE_RAW\FPGA\UCFS\VC6\UCFS\DEBUG\FS_DIROLD.OBJ
E:\PROJ\ARKN141\SW\ISP_PROJ\ISP_USE_RAW\FPGA\UCFS\VC6\UCFS\DEBUG\FS_DIROLD.SBR
E:\PROJ\ARKN141\SW\ISP_PROJ\ISP_USE_RAW\FPGA\UCFS\VC6\UCFS\DEBUG\FS_ERRORNO2TEXT.OBJ
E:\PROJ\ARKN141\SW\ISP_PROJ\ISP_USE_RAW\FPGA\UCFS\VC6\UCFS\DEBUG\FS_ERRORNO2TEXT.SBR
E:\PROJ\ARKN141\SW\ISP_PROJ\ISP_USE_RAW\FPGA\UCFS\VC6\UCFS\DEBUG\FS_ERROROUT.OBJ
E:\PROJ\ARKN141\SW\ISP_PROJ\ISP_USE_RAW\FPGA\UCFS\VC6\UCFS\DEBUG\FS_ERROROUT.SBR
E:\PROJ\ARKN141\SW\ISP_PROJ\ISP_USE_RAW\FPGA\UCFS\VC6\UCFS\DEBUG\FS_FORMAT.OBJ
E:\PROJ\ARKN141\SW\ISP_PROJ\ISP_USE_RAW\FPGA\UCFS\VC6\UCFS\DEBUG\FS_FORMAT.SBR
E:\PROJ\ARKN141\SW\ISP_PROJ\ISP_USE_RAW\FPGA\UCFS\VC6\UCFS\DEBUG\FS_FREAD.OBJ
E:\PROJ\ARKN141\SW\ISP_PROJ\ISP_USE_RAW\FPGA\UCFS\VC6\UCFS\DEBUG\FS_FREAD.SBR
E:\PROJ\ARKN141\SW\ISP_PROJ\ISP_USE_RAW\FPGA\UCFS\VC6\UCFS\DEBUG\FS_FWRITE.OBJ
E:\PROJ\ARKN141\SW\ISP_PROJ\ISP_USE_RAW\FPGA\UCFS\VC6\UCFS\DEBUG\FS_FWRITE.SBR
E:\PROJ\ARKN141\SW\ISP_PROJ\ISP_USE_RAW\FPGA\UCFS\VC6\UCFS\DEBUG\FS_GETFILEPOS.OBJ
E:\PROJ\ARKN141\SW\ISP_PROJ\ISP_USE_RAW\FPGA\UCFS\VC6\UCFS\DEBUG\FS_GETFILEPOS.SBR
E:\PROJ\ARKN141\SW\ISP_PROJ\ISP_USE_RAW\FPGA\UCFS\VC6\UCFS\DEBUG\FS_GETFILESIZE.OBJ
E:\PROJ\ARKN141\SW\ISP_PROJ\ISP_USE_RAW\FPGA\UCFS\VC6\UCFS\DEBUG\FS_GETFILESIZE.SBR
E:\PROJ\ARKN141\SW\ISP_PROJ\ISP_USE_RAW\FPGA\UCFS\VC6\UCFS\DEBUG\FS_GETNUMFILES.OBJ
E:\PROJ\ARKN141\SW\ISP_PROJ\ISP_USE_RAW\FPGA\UCFS\VC6\UCFS\DEBUG\FS_GETNUMFILES.SBR
E:\PROJ\ARKN141\SW\ISP_PROJ\ISP_USE_RAW\FPGA\UCFS\VC6\UCFS\DEBUG\FS_GETNUMOPENFILES.OBJ
E:\PROJ\ARKN141\SW\ISP_PROJ\ISP_USE_RAW\FPGA\UCFS\VC6\UCFS\DEBUG\FS_GETNUMOPENFILES.SBR
E:\PROJ\ARKN141\SW\ISP_PROJ\ISP_USE_RAW\FPGA\UCFS\VC6\UCFS\DEBUG\FS_JOURNAL.OBJ
E:\PROJ\ARKN141\SW\ISP_PROJ\ISP_USE_RAW\FPGA\UCFS\VC6\UCFS\DEBUG\FS_JOURNAL.SBR
E:\PROJ\ARKN141\SW\ISP_PROJ\ISP_USE_RAW\FPGA\UCFS\VC6\UCFS\DEBUG\FS_LOG.OBJ
E:\PROJ\ARKN141\SW\ISP_PROJ\ISP_USE_RAW\FPGA\UCFS\VC6\UCFS\DEBUG\FS_LOG.SBR
E:\PROJ\ARKN141\SW\ISP_PROJ\ISP_USE_RAW\FPGA\UCFS\VC6\UCFS\DEBUG\FS_LOGBLOCK.OBJ
E:\PROJ\ARKN141\SW\ISP_PROJ\ISP_USE_RAW\FPGA\UCFS\VC6\UCFS\DEBUG\FS_LOGBLOCK.SBR
E:\PROJ\ARKN141\SW\ISP_PROJ\ISP_USE_RAW\FPGA\UCFS\VC6\UCFS\DEBUG\FS_LOGVOLUME.OBJ
E:\PROJ\ARKN141\SW\ISP_PROJ\ISP_USE_RAW\FPGA\UCFS\VC6\UCFS\DEBUG\FS_LOGVOLUME.SBR
E:\PROJ\ARKN141\SW\ISP_PROJ\ISP_USE_RAW\FPGA\UCFS\VC6\UCFS\DEBUG\FS_MEMCPY.OBJ
E:\PROJ\ARKN141\SW\ISP_PROJ\ISP_USE_RAW\FPGA\UCFS\VC6\UCFS\DEBUG\FS_MEMCPY.SBR
E:\PROJ\ARKN141\SW\ISP_PROJ\ISP_USE_RAW\FPGA\UCFS\VC6\UCFS\DEBUG\FS_MISC.OBJ
E:\PROJ\ARKN141\SW\ISP_PROJ\ISP_USE_RAW\FPGA\UCFS\VC6\UCFS\DEBUG\FS_MISC.SBR
E:\PROJ\ARKN141\SW\ISP_PROJ\ISP_USE_RAW\FPGA\UCFS\VC6\UCFS\DEBUG\FS_MOVE.OBJ
E:\PROJ\ARKN141\SW\ISP_PROJ\ISP_USE_RAW\FPGA\UCFS\VC6\UCFS\DEBUG\FS_MOVE.SBR
E:\PROJ\ARKN141\SW\ISP_PROJ\ISP_USE_RAW\FPGA\UCFS\VC6\UCFS\DEBUG\FS_OS_INTERFACE.OBJ
E:\PROJ\ARKN141\SW\ISP_PROJ\ISP_USE_RAW\FPGA\UCFS\VC6\UCFS\DEBUG\FS_OS_INTERFACE.SBR
E:\PROJ\ARKN141\SW\ISP_PROJ\ISP_USE_RAW\FPGA\UCFS\VC6\UCFS\DEBUG\FS_PARTITION.OBJ
E:\PROJ\ARKN141\SW\ISP_PROJ\ISP_USE_RAW\FPGA\UCFS\VC6\UCFS\DEBUG\FS_PARTITION.SBR
E:\PROJ\ARKN141\SW\ISP_PROJ\ISP_USE_RAW\FPGA\UCFS\VC6\UCFS\DEBUG\FS_READ.OBJ
E:\PROJ\ARKN141\SW\ISP_PROJ\ISP_USE_RAW\FPGA\UCFS\VC6\UCFS\DEBUG\FS_READ.SBR
E:\PROJ\ARKN141\SW\ISP_PROJ\ISP_USE_RAW\FPGA\UCFS\VC6\UCFS\DEBUG\FS_RENAME.OBJ
E:\PROJ\ARKN141\SW\ISP_PROJ\ISP_USE_RAW\FPGA\UCFS\VC6\UCFS\DEBUG\FS_RENAME.SBR
E:\PROJ\ARKN141\SW\ISP_PROJ\ISP_USE_RAW\FPGA\UCFS\VC6\UCFS\DEBUG\FS_SD_TEST.OBJ
E:\PROJ\ARKN141\SW\ISP_PROJ\ISP_USE_RAW\FPGA\UCFS\VC6\UCFS\DEBUG\FS_SD_TEST.SBR
E:\PROJ\ARKN141\SW\ISP_PROJ\ISP_USE_RAW\FPGA\UCFS\VC6\UCFS\DEBUG\FS_SETENDOFFILE.OBJ
E:\PROJ\ARKN141\SW\ISP_PROJ\ISP_USE_RAW\FPGA\UCFS\VC6\UCFS\DEBUG\FS_SETENDOFFILE.SBR
E:\PROJ\ARKN141\SW\ISP_PROJ\ISP_USE_RAW\FPGA\UCFS\VC6\UCFS\DEBUG\FS_SETFILEPOS.OBJ
E:\PROJ\ARKN141\SW\ISP_PROJ\ISP_USE_RAW\FPGA\UCFS\VC6\UCFS\DEBUG\FS_SETFILEPOS.SBR
E:\PROJ\ARKN141\SW\ISP_PROJ\ISP_USE_RAW\FPGA\UCFS\VC6\UCFS\DEBUG\FS_STORAGE.OBJ
E:\PROJ\ARKN141\SW\ISP_PROJ\ISP_USE_RAW\FPGA\UCFS\VC6\UCFS\DEBUG\FS_STORAGE.SBR
E:\PROJ\ARKN141\SW\ISP_PROJ\ISP_USE_RAW\FPGA\UCFS\VC6\UCFS\DEBUG\FS_TIME.OBJ
E:\PROJ\ARKN141\SW\ISP_PROJ\ISP_USE_RAW\FPGA\UCFS\VC6\UCFS\DEBUG\FS_TIME.SBR
E:\PROJ\ARKN141\SW\ISP_PROJ\ISP_USE_RAW\FPGA\UCFS\VC6\UCFS\DEBUG\FS_TRUNCATE.OBJ
E:\PROJ\ARKN141\SW\ISP_PROJ\ISP_USE_RAW\FPGA\UCFS\VC6\UCFS\DEBUG\FS_TRUNCATE.SBR
E:\PROJ\ARKN141\SW\ISP_PROJ\ISP_USE_RAW\FPGA\UCFS\VC6\UCFS\DEBUG\FS_UNMOUNT.OBJ
E:\PROJ\ARKN141\SW\ISP_PROJ\ISP_USE_RAW\FPGA\UCFS\VC6\UCFS\DEBUG\FS_UNMOUNT.SBR
E:\PROJ\ARKN141\SW\ISP_PROJ\ISP_USE_RAW\FPGA\UCFS\VC6\UCFS\DEBUG\FS_VERIFY.OBJ
E:\PROJ\ARKN141\SW\ISP_PROJ\ISP_USE_RAW\FPGA\UCFS\VC6\UCFS\DEBUG\FS_VERIFY.SBR
E:\PROJ\ARKN141\SW\ISP_PROJ\ISP_USE_RAW\FPGA\UCFS\VC6\UCFS\DEBUG\FS_VOLUME.OBJ
E:\PROJ\ARKN141\SW\ISP_PROJ\ISP_USE_RAW\FPGA\UCFS\VC6\UCFS\DEBUG\FS_VOLUME.SBR
E:\PROJ\ARKN141\SW\ISP_PROJ\ISP_USE_RAW\FPGA\UCFS\VC6\UCFS\DEBUG\FS_WARN.OBJ
E:\PROJ\ARKN141\SW\ISP_PROJ\ISP_USE_RAW\FPGA\UCFS\VC6\UCFS\DEBUG\FS_WARN.SBR
E:\PROJ\ARKN141\SW\ISP_PROJ\ISP_USE_RAW\FPGA\UCFS\VC6\UCFS\DEBUG\FS_WRITE.OBJ
E:\PROJ\ARKN141\SW\ISP_PROJ\ISP_USE_RAW\FPGA\UCFS\VC6\UCFS\DEBUG\FS_WRITE.SBR
E:\PROJ\ARKN141\SW\ISP_PROJ\ISP_USE_RAW\FPGA\UCFS\VC6\UCFS\DEBUG\FS_X_PANIC.OBJ
E:\PROJ\ARKN141\SW\ISP_PROJ\ISP_USE_RAW\FPGA\UCFS\VC6\UCFS\DEBUG\FS_X_PANIC.SBR
E:\PROJ\ARKN141\SW\ISP_PROJ\ISP_USE_RAW\FPGA\UCFS\VC6\UCFS\DEBUG\GBCODE.OBJ
E:\PROJ\ARKN141\SW\ISP_PROJ\ISP_USE_RAW\FPGA\UCFS\VC6\UCFS\DEBUG\GBCODE.SBR
E:\proj\ARKN141\sw\ISP_PROJ\ISP_USE_RAW\fpga\ucFS\VC6\uCFS\Debug\link.command.1.tlog
E:\proj\ARKN141\sw\ISP_PROJ\ISP_USE_RAW\fpga\ucFS\VC6\uCFS\Debug\link.read.1.tlog
E:\proj\ARKN141\sw\ISP_PROJ\ISP_USE_RAW\fpga\ucFS\VC6\uCFS\Debug\link.write.1.tlog
E:\proj\ARKN141\sw\ISP_PROJ\ISP_USE_RAW\fpga\ucFS\VC6\uCFS\Debug\link-cvtres.read.1.tlog
E:\proj\ARKN141\sw\ISP_PROJ\ISP_USE_RAW\fpga\ucFS\VC6\uCFS\Debug\link-cvtres.write.1.tlog
E:\PROJ\ARKN141\SW\ISP_PROJ\ISP_USE_RAW\FPGA\UCFS\VC6\UCFS\DEBUG\MAINFRM.OBJ
E:\PROJ\ARKN141\SW\ISP_PROJ\ISP_USE_RAW\FPGA\UCFS\VC6\UCFS\DEBUG\MAINFRM.SBR
E:\PROJ\ARKN141\SW\ISP_PROJ\ISP_USE_RAW\FPGA\UCFS\VC6\UCFS\DEBUG\MESSAGE_TASK.OBJ
E:\PROJ\ARKN141\SW\ISP_PROJ\ISP_USE_RAW\FPGA\UCFS\VC6\UCFS\DEBUG\MESSAGE_TASK.SBR
E:\proj\ARKN141\sw\ISP_PROJ\ISP_USE_RAW\fpga\ucFS\VC6\uCFS\Debug\mt.command.1.tlog
E:\proj\ARKN141\sw\ISP_PROJ\ISP_USE_RAW\fpga\ucFS\VC6\uCFS\Debug\mt.read.1.tlog
E:\proj\ARKN141\sw\ISP_PROJ\ISP_USE_RAW\fpga\ucFS\VC6\uCFS\Debug\mt.write.1.tlog
E:\PROJ\ARKN141\SW\ISP_PROJ\ISP_USE_RAW\FPGA\UCFS\VC6\UCFS\DEBUG\OS_MAIN.OBJ
E:\PROJ\ARKN141\SW\ISP_PROJ\ISP_USE_RAW\FPGA\UCFS\VC6\UCFS\DEBUG\OS_MAIN.SBR
E:\PROJ\ARKN141\SW\ISP_PROJ\ISP_USE_RAW\FPGA\UCFS\VC6\UCFS\DEBUG\QUEUE.OBJ
E:\PROJ\ARKN141\SW\ISP_PROJ\ISP_USE_RAW\FPGA\UCFS\VC6\UCFS\DEBUG\QUEUE.SBR
E:\proj\ARKN141\sw\ISP_PROJ\ISP_USE_RAW\fpga\ucFS\VC6\uCFS\Debug\rc.command.1.tlog
E:\proj\ARKN141\sw\ISP_PROJ\ISP_USE_RAW\fpga\ucFS\VC6\uCFS\Debug\rc.read.1.tlog
E:\proj\ARKN141\sw\ISP_PROJ\ISP_USE_RAW\fpga\ucFS\VC6\uCFS\Debug\rc.write.1.tlog
E:\PROJ\ARKN141\SW\ISP_PROJ\ISP_USE_RAW\FPGA\UCFS\VC6\UCFS\DEBUG\SD_MMC_DRIVE_PC.OBJ
E:\PROJ\ARKN141\SW\ISP_PROJ\ISP_USE_RAW\FPGA\UCFS\VC6\UCFS\DEBUG\SD_MMC_DRIVE_PC.SBR
E:\PROJ\ARKN141\SW\ISP_PROJ\ISP_USE_RAW\FPGA\UCFS\VC6\UCFS\DEBUG\SD_MMC_PC.OBJ
E:\PROJ\ARKN141\SW\ISP_PROJ\ISP_USE_RAW\FPGA\UCFS\VC6\UCFS\DEBUG\SD_MMC_PC.SBR
E:\PROJ\ARKN141\SW\ISP_PROJ\ISP_USE_RAW\FPGA\UCFS\VC6\UCFS\DEBUG\STDAFX.OBJ
E:\PROJ\ARKN141\SW\ISP_PROJ\ISP_USE_RAW\FPGA\UCFS\VC6\UCFS\DEBUG\STDAFX.SBR
E:\PROJ\ARKN141\SW\ISP_PROJ\ISP_USE_RAW\FPGA\UCFS\VC6\UCFS\DEBUG\TARGET.OBJ
E:\PROJ\ARKN141\SW\ISP_PROJ\ISP_USE_RAW\FPGA\UCFS\VC6\UCFS\DEBUG\TARGET.SBR
E:\PROJ\ARKN141\SW\ISP_PROJ\ISP_USE_RAW\FPGA\UCFS\VC6\UCFS\DEBUG\UCFS.BSC
E:\PROJ\ARKN141\SW\ISP_PROJ\ISP_USE_RAW\FPGA\UCFS\VC6\UCFS\DEBUG\UCFS.EXE
E:\PROJ\ARKN141\SW\ISP_PROJ\ISP_USE_RAW\FPGA\UCFS\VC6\UCFS\DEBUG\UCFS.EXE.EMBED.MANIFEST
E:\PROJ\ARKN141\SW\ISP_PROJ\ISP_USE_RAW\FPGA\UCFS\VC6\UCFS\DEBUG\UCFS.EXE.EMBED.MANIFEST.RES
E:\PROJ\ARKN141\SW\ISP_PROJ\ISP_USE_RAW\FPGA\UCFS\VC6\UCFS\DEBUG\UCFS.EXE.INTERMEDIATE.MANIFEST
E:\PROJ\ARKN141\SW\ISP_PROJ\ISP_USE_RAW\FPGA\UCFS\VC6\UCFS\DEBUG\UCFS.ILK
E:\PROJ\ARKN141\SW\ISP_PROJ\ISP_USE_RAW\FPGA\UCFS\VC6\UCFS\DEBUG\UCFS.OBJ
E:\PROJ\ARKN141\SW\ISP_PROJ\ISP_USE_RAW\FPGA\UCFS\VC6\UCFS\DEBUG\UCFS.PCH
E:\PROJ\ARKN141\SW\ISP_PROJ\ISP_USE_RAW\FPGA\UCFS\VC6\UCFS\DEBUG\UCFS.PDB
E:\PROJ\ARKN141\SW\ISP_PROJ\ISP_USE_RAW\FPGA\UCFS\VC6\UCFS\DEBUG\UCFS.RES
E:\PROJ\ARKN141\SW\ISP_PROJ\ISP_USE_RAW\FPGA\UCFS\VC6\UCFS\DEBUG\UCFS.SBR
E:\proj\ARKN141\sw\ISP_PROJ\ISP_USE_RAW\fpga\ucFS\VC6\uCFS\Debug\uCFS.vcxprojResolveAssemblyReference.cache
E:\proj\ARKN141\sw\ISP_PROJ\ISP_USE_RAW\fpga\ucFS\VC6\uCFS\Debug\uCFS.write.1.tlog
E:\proj\ARKN141\sw\ISP_PROJ\ISP_USE_RAW\fpga\ucFS\VC6\uCFS\Debug\uCFS_manifest.rc
E:\PROJ\ARKN141\SW\ISP_PROJ\ISP_USE_RAW\FPGA\UCFS\VC6\UCFS\DEBUG\UCFS_VERSION.OBJ
E:\PROJ\ARKN141\SW\ISP_PROJ\ISP_USE_RAW\FPGA\UCFS\VC6\UCFS\DEBUG\UCFS_VERSION.SBR
E:\PROJ\ARKN141\SW\ISP_PROJ\ISP_USE_RAW\FPGA\UCFS\VC6\UCFS\DEBUG\UCFSDOC.OBJ
E:\PROJ\ARKN141\SW\ISP_PROJ\ISP_USE_RAW\FPGA\UCFS\VC6\UCFS\DEBUG\UCFSDOC.SBR
E:\PROJ\ARKN141\SW\ISP_PROJ\ISP_USE_RAW\FPGA\UCFS\VC6\UCFS\DEBUG\UCFSVIEW.OBJ
E:\PROJ\ARKN141\SW\ISP_PROJ\ISP_USE_RAW\FPGA\UCFS\VC6\UCFS\DEBUG\UCFSVIEW.SBR
E:\proj\ARKN141\sw\ISP_PROJ\ISP_USE_RAW\fpga\ucFS\VC6\uCFS\Debug\vc100.idb
E:\PROJ\ARKN141\SW\ISP_PROJ\ISP_USE_RAW\FPGA\UCFS\VC6\UCFS\DEBUG\VC100.PDB
E:\PROJ\ARKN141\SW\ISP_PROJ\ISP_USE_RAW\FPGA\UCFS\VC6\UCFS\DEBUG\VIDEO_ITEM_TEST.OBJ
E:\PROJ\ARKN141\SW\ISP_PROJ\ISP_USE_RAW\FPGA\UCFS\VC6\UCFS\DEBUG\VIDEO_ITEM_TEST.SBR
E:\PROJ\ARKN141\SW\ISP_PROJ\ISP_USE_RAW\FPGA\UCFS\VC6\UCFS\DEBUG\WIN32_FS_OS.OBJ
E:\PROJ\ARKN141\SW\ISP_PROJ\ISP_USE_RAW\FPGA\UCFS\VC6\UCFS\DEBUG\WIN32_FS_OS.SBR
E:\PROJ\ARKN141\SW\ISP_PROJ\ISP_USE_RAW\FPGA\UCFS\VC6\UCFS\DEBUG\WIN32_HEAP_SIMULATE.OBJ
E:\PROJ\ARKN141\SW\ISP_PROJ\ISP_USE_RAW\FPGA\UCFS\VC6\UCFS\DEBUG\WIN32_HEAP_SIMULATE.SBR
E:\PROJ\ARKN141\SW\ISP_PROJ\ISP_USE_RAW\FPGA\UCFS\VC6\UCFS\DEBUG\WIN32_KERNEL_SIMULATE.OBJ
E:\PROJ\ARKN141\SW\ISP_PROJ\ISP_USE_RAW\FPGA\UCFS\VC6\UCFS\DEBUG\WIN32_KERNEL_SIMULATE.SBR
E:\PROJ\ARKN141\SW\ISP_PROJ\ISP_USE_RAW\FPGA\UCFS\VC6\UCFS\DEBUG\WIN32_RTOS.OBJ
E:\PROJ\ARKN141\SW\ISP_PROJ\ISP_USE_RAW\FPGA\UCFS\VC6\UCFS\DEBUG\WIN32_RTOS.SBR
E:\PROJ\ARKN141\SW\ISP_PROJ\ISP_USE_RAW\FPGA\UCFS\VC6\UCFS\DEBUG\XM_FILE.OBJ
E:\PROJ\ARKN141\SW\ISP_PROJ\ISP_USE_RAW\FPGA\UCFS\VC6\UCFS\DEBUG\XM_FILE.SBR
E:\PROJ\ARKN141\SW\ISP_PROJ\ISP_USE_RAW\FPGA\UCFS\VC6\UCFS\DEBUG\XM_H264_CACHE_COMMAND_QUEUE.OBJ
E:\PROJ\ARKN141\SW\ISP_PROJ\ISP_USE_RAW\FPGA\UCFS\VC6\UCFS\DEBUG\XM_H264_CACHE_COMMAND_QUEUE.SBR
E:\PROJ\ARKN141\SW\ISP_PROJ\ISP_USE_RAW\FPGA\UCFS\VC6\UCFS\DEBUG\XM_H264_CACHE_FILE.OBJ
E:\PROJ\ARKN141\SW\ISP_PROJ\ISP_USE_RAW\FPGA\UCFS\VC6\UCFS\DEBUG\XM_H264_CACHE_FILE.SBR
E:\PROJ\ARKN141\SW\ISP_PROJ\ISP_USE_RAW\FPGA\UCFS\VC6\UCFS\DEBUG\XM_H264_FILE.OBJ
E:\PROJ\ARKN141\SW\ISP_PROJ\ISP_USE_RAW\FPGA\UCFS\VC6\UCFS\DEBUG\XM_H264_FILE.SBR
E:\PROJ\ARKN141\SW\ISP_PROJ\ISP_USE_RAW\FPGA\UCFS\VC6\UCFS\DEBUG\XM_KBD_DRV.OBJ
E:\PROJ\ARKN141\SW\ISP_PROJ\ISP_USE_RAW\FPGA\UCFS\VC6\UCFS\DEBUG\XM_KBD_DRV.SBR
E:\PROJ\ARKN141\SW\ISP_PROJ\ISP_USE_RAW\FPGA\UCFS\VC6\UCFS\DEBUG\XM_SEMAPHORE.OBJ
E:\PROJ\ARKN141\SW\ISP_PROJ\ISP_USE_RAW\FPGA\UCFS\VC6\UCFS\DEBUG\XM_SEMAPHORE.SBR
E:\PROJ\ARKN141\SW\ISP_PROJ\ISP_USE_RAW\FPGA\UCFS\VC6\UCFS\DEBUG\XMVIDEOITEM.OBJ
E:\PROJ\ARKN141\SW\ISP_PROJ\ISP_USE_RAW\FPGA\UCFS\VC6\UCFS\DEBUG\XMVIDEOITEM.SBR
